<?xml version="1.0" encoding="utf-8"?><testsuites name="pytest tests"><testsuite name="pytest" errors="0" failures="0" skipped="0" tests="3" time="1.618" timestamp="2026-08-14T09:25:04.907997+00:00" hostname="agent-env-14ad0cd1-5f29-4205-8ef2-29c9a8a0f936"><testcase classname="tests.test_auth_claims_regression" name="test_unauthenticated_dashboard_is_rejected" time="0.181" /><testcase classname="tests.test_auth_claims_regression" name="test_registration_claim_persistence_and_logout" time="0.849" /><testcase classname="tests.test_auth_claims_regression" name="test_invalid_login_is_safe" time="0.112" /></testsuite></testsuites>